\BOOKMARK [0][-]{chapter.1}{\376\377\0001\000\040\000H\000i\000e\000r\000a\000r\000c\000h\000i\000c\000a\000l\000\040\000I\000n\000d\000e\000x}{}% 1
\BOOKMARK [1][-]{section.1.1}{\376\377\0001\000.\0001\000\040\000C\000l\000a\000s\000s\000\040\000H\000i\000e\000r\000a\000r\000c\000h\000y}{chapter.1}% 2
\BOOKMARK [0][-]{chapter.2}{\376\377\0002\000\040\000C\000l\000a\000s\000s\000\040\000I\000n\000d\000e\000x}{}% 3
\BOOKMARK [1][-]{section.2.1}{\376\377\0002\000.\0001\000\040\000C\000l\000a\000s\000s\000\040\000L\000i\000s\000t}{chapter.2}% 4
\BOOKMARK [0][-]{chapter.3}{\376\377\0003\000\040\000C\000l\000a\000s\000s\000\040\000D\000o\000c\000u\000m\000e\000n\000t\000a\000t\000i\000o\000n}{}% 5
\BOOKMARK [1][-]{section.3.1}{\376\377\0003\000.\0001\000\040\000g\000l\000o\000w\000b\000i\000t\000.\000m\000a\000t\000r\000i\000x\0008\000x\0008\000.\000\137\000t\000e\000x\000t\000S\000c\000r\000o\000l\000l\000\040\000C\000l\000a\000s\000s\000\040\000R\000e\000f\000e\000r\000e\000n\000c\000e}{chapter.3}% 6
\BOOKMARK [1][-]{section.3.2}{\376\377\0003\000.\0002\000\040\000g\000l\000o\000w\000b\000i\000t\000.\000c\000o\000l\000o\000u\000r\000F\000u\000n\000c\000t\000i\000o\000n\000s\000\040\000C\000l\000a\000s\000s\000\040\000R\000e\000f\000e\000r\000e\000n\000c\000e}{chapter.3}% 7
\BOOKMARK [2][-]{subsection.3.2.1}{\376\377\0003\000.\0002\000.\0001\000\040\000D\000e\000t\000a\000i\000l\000e\000d\000\040\000D\000e\000s\000c\000r\000i\000p\000t\000i\000o\000n}{section.3.2}% 8
\BOOKMARK [2][-]{subsection.3.2.2}{\376\377\0003\000.\0002\000.\0002\000\040\000M\000e\000m\000b\000e\000r\000\040\000F\000u\000n\000c\000t\000i\000o\000n\000\040\000D\000o\000c\000u\000m\000e\000n\000t\000a\000t\000i\000o\000n}{section.3.2}% 9
\BOOKMARK [3][-]{subsubsection.3.2.2.1}{\376\377\0003\000.\0002\000.\0002\000.\0001\000\040\000g\000l\000o\000w\000b\000i\000t\000C\000o\000l\000o\000u\000r\0002\000R\000G\000B\000\050\000\051}{subsection.3.2.2}% 10
\BOOKMARK [3][-]{subsubsection.3.2.2.2}{\376\377\0003\000.\0002\000.\0002\000.\0002\000\040\000r\000g\000b\000C\000o\000l\000o\000u\000r\000\050\000\051}{subsection.3.2.2}% 11
\BOOKMARK [3][-]{subsubsection.3.2.2.3}{\376\377\0003\000.\0002\000.\0002\000.\0003\000\040\000w\000h\000e\000e\000l\000\050\000\051}{subsection.3.2.2}% 12
\BOOKMARK [1][-]{section.3.3}{\376\377\0003\000.\0003\000\040\000g\000l\000o\000w\000b\000i\000t\000.\000c\000o\000l\000o\000u\000r\000M\000a\000p\000s\000\040\000C\000l\000a\000s\000s\000\040\000R\000e\000f\000e\000r\000e\000n\000c\000e}{chapter.3}% 13
\BOOKMARK [2][-]{subsection.3.3.1}{\376\377\0003\000.\0003\000.\0001\000\040\000D\000e\000t\000a\000i\000l\000e\000d\000\040\000D\000e\000s\000c\000r\000i\000p\000t\000i\000o\000n}{section.3.3}% 14
\BOOKMARK [2][-]{subsection.3.3.2}{\376\377\0003\000.\0003\000.\0002\000\040\000M\000e\000m\000b\000e\000r\000\040\000F\000u\000n\000c\000t\000i\000o\000n\000\040\000D\000o\000c\000u\000m\000e\000n\000t\000a\000t\000i\000o\000n}{section.3.3}% 15
\BOOKMARK [3][-]{subsubsection.3.3.2.1}{\376\377\0003\000.\0003\000.\0002\000.\0001\000\040\000c\000o\000l\000o\000u\000r\000M\000a\000p\000R\000a\000i\000n\000b\000o\000w\000\050\000\051}{subsection.3.3.2}% 16
\BOOKMARK [3][-]{subsubsection.3.3.2.2}{\376\377\0003\000.\0003\000.\0002\000.\0002\000\040\000c\000o\000l\000o\000u\000r\000M\000a\000p\000S\000o\000l\000i\000d\000\050\000\051}{subsection.3.3.2}% 17
\BOOKMARK [1][-]{section.3.4}{\376\377\0003\000.\0004\000\040\000g\000l\000o\000w\000b\000i\000t\000.\000g\000l\000o\000w\000b\000i\000t\000\040\000C\000l\000a\000s\000s\000\040\000R\000e\000f\000e\000r\000e\000n\000c\000e}{chapter.3}% 18
\BOOKMARK [2][-]{subsection.3.4.1}{\376\377\0003\000.\0004\000.\0001\000\040\000D\000e\000t\000a\000i\000l\000e\000d\000\040\000D\000e\000s\000c\000r\000i\000p\000t\000i\000o\000n}{section.3.4}% 19
\BOOKMARK [2][-]{subsection.3.4.2}{\376\377\0003\000.\0004\000.\0002\000\040\000M\000e\000m\000b\000e\000r\000\040\000F\000u\000n\000c\000t\000i\000o\000n\000\040\000D\000o\000c\000u\000m\000e\000n\000t\000a\000t\000i\000o\000n}{section.3.4}% 20
\BOOKMARK [3][-]{subsubsection.3.4.2.1}{\376\377\0003\000.\0004\000.\0002\000.\0001\000\040\000b\000l\000a\000n\000k\000D\000i\000s\000p\000l\000a\000y\000\050\000\051}{subsection.3.4.2}% 21
\BOOKMARK [3][-]{subsubsection.3.4.2.2}{\376\377\0003\000.\0004\000.\0002\000.\0002\000\040\000c\000h\000a\000o\000s\000\050\000\051}{subsection.3.4.2}% 22
\BOOKMARK [3][-]{subsubsection.3.4.2.3}{\376\377\0003\000.\0004\000.\0002\000.\0003\000\040\000g\000e\000t\000P\000i\000x\000e\000l\000\050\000\051}{subsection.3.4.2}% 23
\BOOKMARK [3][-]{subsubsection.3.4.2.4}{\376\377\0003\000.\0004\000.\0002\000.\0004\000\040\000p\000i\000x\000e\000l\000A\000d\000d\000\050\000\051}{subsection.3.4.2}% 24
\BOOKMARK [3][-]{subsubsection.3.4.2.5}{\376\377\0003\000.\0004\000.\0002\000.\0005\000\040\000p\000i\000x\000e\000l\000S\000a\000t\000u\000r\000a\000t\000i\000n\000g\000A\000d\000d\000\050\000\051}{subsection.3.4.2}% 25
\BOOKMARK [3][-]{subsubsection.3.4.2.6}{\376\377\0003\000.\0004\000.\0002\000.\0006\000\040\000p\000i\000x\000e\000l\000S\000e\000t\000\050\000\051}{subsection.3.4.2}% 26
\BOOKMARK [3][-]{subsubsection.3.4.2.7}{\376\377\0003\000.\0004\000.\0002\000.\0007\000\040\000p\000i\000x\000e\000l\000S\000e\000t\000N\000o\000w\000\050\000\051}{subsection.3.4.2}% 27
\BOOKMARK [3][-]{subsubsection.3.4.2.8}{\376\377\0003\000.\0004\000.\0002\000.\0008\000\040\000p\000i\000x\000e\000l\000s\000F\000i\000l\000l\000\050\000\051}{subsection.3.4.2}% 28
\BOOKMARK [3][-]{subsubsection.3.4.2.9}{\376\377\0003\000.\0004\000.\0002\000.\0009\000\040\000p\000i\000x\000e\000l\000s\000F\000i\000l\000l\000N\000o\000w\000\050\000\051}{subsection.3.4.2}% 29
\BOOKMARK [3][-]{subsubsection.3.4.2.10}{\376\377\0003\000.\0004\000.\0002\000.\0001\0000\000\040\000p\000i\000x\000e\000l\000s\000S\000h\000o\000w\000\050\000\051}{subsection.3.4.2}% 30
\BOOKMARK [3][-]{subsubsection.3.4.2.11}{\376\377\0003\000.\0004\000.\0002\000.\0001\0001\000\040\000p\000o\000w\000e\000r\000\050\000\051}{subsection.3.4.2}% 31
\BOOKMARK [3][-]{subsubsection.3.4.2.12}{\376\377\0003\000.\0004\000.\0002\000.\0001\0002\000\040\000u\000p\000d\000a\000t\000e\000R\000a\000t\000e\000L\000i\000m\000i\000t\000F\000P\000S\000\050\000\051}{subsection.3.4.2}% 32
\BOOKMARK [1][-]{section.3.5}{\376\377\0003\000.\0005\000\040\000g\000l\000o\000w\000b\000i\000t\000.\000g\000l\000o\000w\000b\000i\000t\000M\000a\000t\000r\000i\000x\000\040\000C\000l\000a\000s\000s\000\040\000R\000e\000f\000e\000r\000e\000n\000c\000e}{chapter.3}% 33
\BOOKMARK [2][-]{subsection.3.5.1}{\376\377\0003\000.\0005\000.\0001\000\040\000D\000e\000t\000a\000i\000l\000e\000d\000\040\000D\000e\000s\000c\000r\000i\000p\000t\000i\000o\000n}{section.3.5}% 34
\BOOKMARK [2][-]{subsection.3.5.2}{\376\377\0003\000.\0005\000.\0002\000\040\000M\000e\000m\000b\000e\000r\000\040\000F\000u\000n\000c\000t\000i\000o\000n\000\040\000D\000o\000c\000u\000m\000e\000n\000t\000a\000t\000i\000o\000n}{section.3.5}% 35
\BOOKMARK [3][-]{subsubsection.3.5.2.1}{\376\377\0003\000.\0005\000.\0002\000.\0001\000\040\000c\000i\000r\000c\000u\000l\000a\000r\000R\000a\000i\000n\000b\000o\000w\000\050\000\051}{subsection.3.5.2}% 36
\BOOKMARK [3][-]{subsubsection.3.5.2.2}{\376\377\0003\000.\0005\000.\0002\000.\0002\000\040\000d\000r\000a\000w\000C\000i\000r\000c\000l\000e\000\050\000\051}{subsection.3.5.2}% 37
\BOOKMARK [3][-]{subsubsection.3.5.2.3}{\376\377\0003\000.\0005\000.\0002\000.\0003\000\040\000d\000r\000a\000w\000L\000i\000n\000e\000\050\000\051}{subsection.3.5.2}% 38
\BOOKMARK [3][-]{subsubsection.3.5.2.4}{\376\377\0003\000.\0005\000.\0002\000.\0004\000\040\000d\000r\000a\000w\000R\000e\000c\000t\000a\000n\000g\000l\000e\000\050\000\051}{subsection.3.5.2}% 39
\BOOKMARK [3][-]{subsubsection.3.5.2.5}{\376\377\0003\000.\0005\000.\0002\000.\0005\000\040\000d\000r\000a\000w\000R\000e\000c\000t\000a\000n\000g\000l\000e\000F\000i\000l\000l\000\050\000\051}{subsection.3.5.2}% 40
\BOOKMARK [3][-]{subsubsection.3.5.2.6}{\376\377\0003\000.\0005\000.\0002\000.\0006\000\040\000d\000r\000a\000w\000R\000e\000c\000t\000a\000n\000g\000l\000e\000F\000i\000l\000l\000A\000d\000d\000\050\000\051}{subsection.3.5.2}% 41
\BOOKMARK [3][-]{subsubsection.3.5.2.7}{\376\377\0003\000.\0005\000.\0002\000.\0007\000\040\000d\000r\000a\000w\000T\000r\000i\000a\000n\000g\000l\000e\000\050\000\051}{subsection.3.5.2}% 42
\BOOKMARK [3][-]{subsubsection.3.5.2.8}{\376\377\0003\000.\0005\000.\0002\000.\0008\000\040\000f\000i\000r\000e\000w\000o\000r\000k\000s\000\050\000\051}{subsection.3.5.2}% 43
\BOOKMARK [3][-]{subsubsection.3.5.2.9}{\376\377\0003\000.\0005\000.\0002\000.\0009\000\040\000g\000e\000t\000P\000i\000x\000e\000l\000X\000Y\000\050\000\051}{subsection.3.5.2}% 44
\BOOKMARK [3][-]{subsubsection.3.5.2.10}{\376\377\0003\000.\0005\000.\0002\000.\0001\0000\000\040\000n\000e\000w\000G\000r\000a\000p\000h\0001\000D\000\050\000\051}{subsection.3.5.2}% 45
\BOOKMARK [3][-]{subsubsection.3.5.2.11}{\376\377\0003\000.\0005\000.\0002\000.\0001\0001\000\040\000p\000i\000x\000e\000l\000A\000d\000d\000X\000Y\000\050\000\051}{subsection.3.5.2}% 46
\BOOKMARK [3][-]{subsubsection.3.5.2.12}{\376\377\0003\000.\0005\000.\0002\000.\0001\0002\000\040\000p\000i\000x\000e\000l\000A\000d\000d\000X\000Y\000C\000l\000i\000p\000\050\000\051}{subsection.3.5.2}% 47
\BOOKMARK [3][-]{subsubsection.3.5.2.13}{\376\377\0003\000.\0005\000.\0002\000.\0001\0003\000\040\000p\000i\000x\000e\000l\000S\000e\000t\000X\000Y\000\050\000\051}{subsection.3.5.2}% 48
\BOOKMARK [3][-]{subsubsection.3.5.2.14}{\376\377\0003\000.\0005\000.\0002\000.\0001\0004\000\040\000p\000i\000x\000e\000l\000S\000e\000t\000X\000Y\000C\000l\000i\000p\000\050\000\051}{subsection.3.5.2}% 49
\BOOKMARK [3][-]{subsubsection.3.5.2.15}{\376\377\0003\000.\0005\000.\0002\000.\0001\0005\000\040\000p\000i\000x\000e\000l\000S\000e\000t\000X\000Y\000N\000o\000w\000\050\000\051}{subsection.3.5.2}% 50
\BOOKMARK [3][-]{subsubsection.3.5.2.16}{\376\377\0003\000.\0005\000.\0002\000.\0001\0006\000\040\000r\000a\000i\000n\000\050\000\051}{subsection.3.5.2}% 51
\BOOKMARK [3][-]{subsubsection.3.5.2.17}{\376\377\0003\000.\0005\000.\0002\000.\0001\0007\000\040\000t\000e\000x\000t\000D\000e\000m\000o\000\050\000\051}{subsection.3.5.2}% 52
\BOOKMARK [3][-]{subsubsection.3.5.2.18}{\376\377\0003\000.\0005\000.\0002\000.\0001\0008\000\040\000u\000p\000d\000a\000t\000e\000G\000r\000a\000p\000h\0001\000D\000\050\000\051}{subsection.3.5.2}% 53
\BOOKMARK [3][-]{subsubsection.3.5.2.19}{\376\377\0003\000.\0005\000.\0002\000.\0001\0009\000\040\000u\000p\000d\000a\000t\000e\000G\000r\000a\000p\000h\0002\000D\000\050\000\051}{subsection.3.5.2}% 54
\BOOKMARK [1][-]{section.3.6}{\376\377\0003\000.\0006\000\040\000g\000l\000o\000w\000b\000i\000t\000.\000g\000l\000o\000w\000b\000i\000t\000M\000a\000t\000r\000i\000x\000.\000g\000r\000a\000p\000h\0001\000D\000\040\000C\000l\000a\000s\000s\000\040\000R\000e\000f\000e\000r\000e\000n\000c\000e}{chapter.3}% 55
\BOOKMARK [2][-]{subsection.3.6.1}{\376\377\0003\000.\0006\000.\0001\000\040\000D\000e\000t\000a\000i\000l\000e\000d\000\040\000D\000e\000s\000c\000r\000i\000p\000t\000i\000o\000n}{section.3.6}% 56
\BOOKMARK [2][-]{subsection.3.6.2}{\376\377\0003\000.\0006\000.\0002\000\040\000C\000o\000n\000s\000t\000r\000u\000c\000t\000o\000r\000\040\000\046\000\040\000D\000e\000s\000t\000r\000u\000c\000t\000o\000r\000\040\000D\000o\000c\000u\000m\000e\000n\000t\000a\000t\000i\000o\000n}{section.3.6}% 57
\BOOKMARK [3][-]{subsubsection.3.6.2.1}{\376\377\0003\000.\0006\000.\0002\000.\0001\000\040\000\137\000\137\000i\000n\000i\000t\000\137\000\137\000\050\000\051}{subsection.3.6.2}% 58
\BOOKMARK [1][-]{section.3.7}{\376\377\0003\000.\0007\000\040\000g\000l\000o\000w\000b\000i\000t\000.\000s\000t\000i\000c\000k\000.\000g\000r\000a\000p\000h\0001\000D\000\040\000C\000l\000a\000s\000s\000\040\000R\000e\000f\000e\000r\000e\000n\000c\000e}{chapter.3}% 59
\BOOKMARK [2][-]{subsection.3.7.1}{\376\377\0003\000.\0007\000.\0001\000\040\000D\000e\000t\000a\000i\000l\000e\000d\000\040\000D\000e\000s\000c\000r\000i\000p\000t\000i\000o\000n}{section.3.7}% 60
\BOOKMARK [2][-]{subsection.3.7.2}{\376\377\0003\000.\0007\000.\0002\000\040\000C\000o\000n\000s\000t\000r\000u\000c\000t\000o\000r\000\040\000\046\000\040\000D\000e\000s\000t\000r\000u\000c\000t\000o\000r\000\040\000D\000o\000c\000u\000m\000e\000n\000t\000a\000t\000i\000o\000n}{section.3.7}% 61
\BOOKMARK [3][-]{subsubsection.3.7.2.1}{\376\377\0003\000.\0007\000.\0002\000.\0001\000\040\000\137\000\137\000i\000n\000i\000t\000\137\000\137\000\050\000\051}{subsection.3.7.2}% 62
\BOOKMARK [1][-]{section.3.8}{\376\377\0003\000.\0008\000\040\000g\000l\000o\000w\000b\000i\000t\000.\000g\000l\000o\000w\000b\000i\000t\000M\000a\000t\000r\000i\000x\000.\000g\000r\000a\000p\000h\0002\000D\000\040\000C\000l\000a\000s\000s\000\040\000R\000e\000f\000e\000r\000e\000n\000c\000e}{chapter.3}% 63
\BOOKMARK [2][-]{subsection.3.8.1}{\376\377\0003\000.\0008\000.\0001\000\040\000D\000e\000t\000a\000i\000l\000e\000d\000\040\000D\000e\000s\000c\000r\000i\000p\000t\000i\000o\000n}{section.3.8}% 64
\BOOKMARK [2][-]{subsection.3.8.2}{\376\377\0003\000.\0008\000.\0002\000\040\000C\000o\000n\000s\000t\000r\000u\000c\000t\000o\000r\000\040\000\046\000\040\000D\000e\000s\000t\000r\000u\000c\000t\000o\000r\000\040\000D\000o\000c\000u\000m\000e\000n\000t\000a\000t\000i\000o\000n}{section.3.8}% 65
\BOOKMARK [3][-]{subsubsection.3.8.2.1}{\376\377\0003\000.\0008\000.\0002\000.\0001\000\040\000\137\000\137\000i\000n\000i\000t\000\137\000\137\000\050\000\051}{subsection.3.8.2}% 66
\BOOKMARK [1][-]{section.3.9}{\376\377\0003\000.\0009\000\040\000g\000l\000o\000w\000b\000i\000t\000.\000m\000a\000t\000r\000i\000x\0004\000x\0004\000\040\000C\000l\000a\000s\000s\000\040\000R\000e\000f\000e\000r\000e\000n\000c\000e}{chapter.3}% 67
\BOOKMARK [2][-]{subsection.3.9.1}{\376\377\0003\000.\0009\000.\0001\000\040\000D\000e\000t\000a\000i\000l\000e\000d\000\040\000D\000e\000s\000c\000r\000i\000p\000t\000i\000o\000n}{section.3.9}% 68
\BOOKMARK [2][-]{subsection.3.9.2}{\376\377\0003\000.\0009\000.\0002\000\040\000C\000o\000n\000s\000t\000r\000u\000c\000t\000o\000r\000\040\000\046\000\040\000D\000e\000s\000t\000r\000u\000c\000t\000o\000r\000\040\000D\000o\000c\000u\000m\000e\000n\000t\000a\000t\000i\000o\000n}{section.3.9}% 69
\BOOKMARK [3][-]{subsubsection.3.9.2.1}{\376\377\0003\000.\0009\000.\0002\000.\0001\000\040\000\137\000\137\000i\000n\000i\000t\000\137\000\137\000\050\000\051}{subsection.3.9.2}% 70
\BOOKMARK [2][-]{subsection.3.9.3}{\376\377\0003\000.\0009\000.\0003\000\040\000M\000e\000m\000b\000e\000r\000\040\000F\000u\000n\000c\000t\000i\000o\000n\000\040\000D\000o\000c\000u\000m\000e\000n\000t\000a\000t\000i\000o\000n}{section.3.9}% 71
\BOOKMARK [3][-]{subsubsection.3.9.3.1}{\376\377\0003\000.\0009\000.\0003\000.\0001\000\040\000r\000e\000m\000a\000p\0004\000x\0004\000\050\000\051}{subsection.3.9.3}% 72
\BOOKMARK [1][-]{section.3.10}{\376\377\0003\000.\0001\0000\000\040\000g\000l\000o\000w\000b\000i\000t\000.\000m\000a\000t\000r\000i\000x\0008\000x\0008\000\040\000C\000l\000a\000s\000s\000\040\000R\000e\000f\000e\000r\000e\000n\000c\000e}{chapter.3}% 73
\BOOKMARK [2][-]{subsection.3.10.1}{\376\377\0003\000.\0001\0000\000.\0001\000\040\000D\000e\000t\000a\000i\000l\000e\000d\000\040\000D\000e\000s\000c\000r\000i\000p\000t\000i\000o\000n}{section.3.10}% 74
\BOOKMARK [2][-]{subsection.3.10.2}{\376\377\0003\000.\0001\0000\000.\0002\000\040\000C\000o\000n\000s\000t\000r\000u\000c\000t\000o\000r\000\040\000\046\000\040\000D\000e\000s\000t\000r\000u\000c\000t\000o\000r\000\040\000D\000o\000c\000u\000m\000e\000n\000t\000a\000t\000i\000o\000n}{section.3.10}% 75
\BOOKMARK [3][-]{subsubsection.3.10.2.1}{\376\377\0003\000.\0001\0000\000.\0002\000.\0001\000\040\000\137\000\137\000i\000n\000i\000t\000\137\000\137\000\050\000\051}{subsection.3.10.2}% 76
\BOOKMARK [2][-]{subsection.3.10.3}{\376\377\0003\000.\0001\0000\000.\0003\000\040\000M\000e\000m\000b\000e\000r\000\040\000F\000u\000n\000c\000t\000i\000o\000n\000\040\000D\000o\000c\000u\000m\000e\000n\000t\000a\000t\000i\000o\000n}{section.3.10}% 77
\BOOKMARK [3][-]{subsubsection.3.10.3.1}{\376\377\0003\000.\0001\0000\000.\0003\000.\0001\000\040\000a\000d\000d\000T\000e\000x\000t\000S\000c\000r\000o\000l\000l\000\050\000\051}{subsection.3.10.3}% 78
\BOOKMARK [3][-]{subsubsection.3.10.3.2}{\376\377\0003\000.\0001\0000\000.\0003\000.\0002\000\040\000d\000r\000a\000w\000C\000h\000a\000r\000\050\000\051}{subsection.3.10.3}% 79
\BOOKMARK [3][-]{subsubsection.3.10.3.3}{\376\377\0003\000.\0001\0000\000.\0003\000.\0003\000\040\000p\000r\000i\000n\000t\000T\000e\000x\000t\000W\000r\000a\000p\000\050\000\051}{subsection.3.10.3}% 80
\BOOKMARK [3][-]{subsubsection.3.10.3.4}{\376\377\0003\000.\0001\0000\000.\0003\000.\0004\000\040\000r\000e\000m\000a\000p\0008\000x\0008\000\050\000\051}{subsection.3.10.3}% 81
\BOOKMARK [3][-]{subsubsection.3.10.3.5}{\376\377\0003\000.\0001\0000\000.\0003\000.\0005\000\040\000u\000p\000d\000a\000t\000e\000R\000a\000t\000e\000L\000i\000m\000i\000t\000C\000h\000a\000r\000a\000c\000t\000e\000r\000s\000P\000e\000r\000S\000e\000c\000o\000n\000d\000\050\000\051}{subsection.3.10.3}% 82
\BOOKMARK [3][-]{subsubsection.3.10.3.6}{\376\377\0003\000.\0001\0000\000.\0003\000.\0006\000\040\000u\000p\000d\000a\000t\000e\000T\000e\000x\000t\000S\000c\000r\000o\000l\000l\000\050\000\051}{subsection.3.10.3}% 83
\BOOKMARK [1][-]{section.3.11}{\376\377\0003\000.\0001\0001\000\040\000g\000l\000o\000w\000b\000i\000t\000.\000m\000i\000c\000r\000o\000p\000y\000t\000h\000o\000n\000\040\000C\000l\000a\000s\000s\000\040\000R\000e\000f\000e\000r\000e\000n\000c\000e}{chapter.3}% 84
\BOOKMARK [1][-]{section.3.12}{\376\377\0003\000.\0001\0002\000\040\000g\000l\000o\000w\000b\000i\000t\000.\000r\000p\0002\000.\000P\000I\000O\000\040\000C\000l\000a\000s\000s\000\040\000R\000e\000f\000e\000r\000e\000n\000c\000e}{chapter.3}% 85
\BOOKMARK [1][-]{section.3.13}{\376\377\0003\000.\0001\0003\000\040\000g\000l\000o\000w\000b\000i\000t\000.\000s\000t\000i\000c\000k\000.\000p\000u\000l\000s\000e\000\040\000C\000l\000a\000s\000s\000\040\000R\000e\000f\000e\000r\000e\000n\000c\000e}{chapter.3}% 86
\BOOKMARK [2][-]{subsection.3.13.1}{\376\377\0003\000.\0001\0003\000.\0001\000\040\000D\000e\000t\000a\000i\000l\000e\000d\000\040\000D\000e\000s\000c\000r\000i\000p\000t\000i\000o\000n}{section.3.13}% 87
\BOOKMARK [2][-]{subsection.3.13.2}{\376\377\0003\000.\0001\0003\000.\0002\000\040\000C\000o\000n\000s\000t\000r\000u\000c\000t\000o\000r\000\040\000\046\000\040\000D\000e\000s\000t\000r\000u\000c\000t\000o\000r\000\040\000D\000o\000c\000u\000m\000e\000n\000t\000a\000t\000i\000o\000n}{section.3.13}% 88
\BOOKMARK [3][-]{subsubsection.3.13.2.1}{\376\377\0003\000.\0001\0003\000.\0002\000.\0001\000\040\000\137\000\137\000i\000n\000i\000t\000\137\000\137\000\050\000\051}{subsection.3.13.2}% 89
\BOOKMARK [2][-]{subsection.3.13.3}{\376\377\0003\000.\0001\0003\000.\0003\000\040\000M\000e\000m\000b\000e\000r\000\040\000D\000a\000t\000a\000\040\000D\000o\000c\000u\000m\000e\000n\000t\000a\000t\000i\000o\000n}{section.3.13}% 90
\BOOKMARK [3][-]{subsubsection.3.13.3.1}{\376\377\0003\000.\0001\0003\000.\0003\000.\0001\000\040\000c\000o\000l\000o\000u\000r}{subsection.3.13.3}% 91
\BOOKMARK [3][-]{subsubsection.3.13.3.2}{\376\377\0003\000.\0001\0003\000.\0003\000.\0002\000\040\000c\000o\000l\000o\000u\000r\000M\000a\000p}{subsection.3.13.3}% 92
\BOOKMARK [1][-]{section.3.14}{\376\377\0003\000.\0001\0004\000\040\000g\000l\000o\000w\000b\000i\000t\000.\000r\000a\000i\000n\000b\000o\000w\000\040\000C\000l\000a\000s\000s\000\040\000R\000e\000f\000e\000r\000e\000n\000c\000e}{chapter.3}% 93
\BOOKMARK [2][-]{subsection.3.14.1}{\376\377\0003\000.\0001\0004\000.\0001\000\040\000D\000e\000t\000a\000i\000l\000e\000d\000\040\000D\000e\000s\000c\000r\000i\000p\000t\000i\000o\000n}{section.3.14}% 94
\BOOKMARK [2][-]{subsection.3.14.2}{\376\377\0003\000.\0001\0004\000.\0002\000\040\000C\000o\000n\000s\000t\000r\000u\000c\000t\000o\000r\000\040\000\046\000\040\000D\000e\000s\000t\000r\000u\000c\000t\000o\000r\000\040\000D\000o\000c\000u\000m\000e\000n\000t\000a\000t\000i\000o\000n}{section.3.14}% 95
\BOOKMARK [3][-]{subsubsection.3.14.2.1}{\376\377\0003\000.\0001\0004\000.\0002\000.\0001\000\040\000\137\000\137\000i\000n\000i\000t\000\137\000\137\000\050\000\051}{subsection.3.14.2}% 96
\BOOKMARK [2][-]{subsection.3.14.3}{\376\377\0003\000.\0001\0004\000.\0003\000\040\000M\000e\000m\000b\000e\000r\000\040\000F\000u\000n\000c\000t\000i\000o\000n\000\040\000D\000o\000c\000u\000m\000e\000n\000t\000a\000t\000i\000o\000n}{section.3.14}% 97
\BOOKMARK [3][-]{subsubsection.3.14.3.1}{\376\377\0003\000.\0001\0004\000.\0003\000.\0001\000\040\000d\000e\000m\000o\000\050\000\051}{subsection.3.14.3}% 98
\BOOKMARK [3][-]{subsubsection.3.14.3.2}{\376\377\0003\000.\0001\0004\000.\0003\000.\0002\000\040\000d\000r\000a\000w\000R\000a\000i\000n\000b\000o\000w\000\050\000\051}{subsection.3.14.3}% 99
\BOOKMARK [3][-]{subsubsection.3.14.3.3}{\376\377\0003\000.\0001\0004\000.\0003\000.\0003\000\040\000p\000i\000x\000e\000l\000S\000e\000t\000A\000n\000g\000l\000e\000\050\000\051}{subsection.3.14.3}% 100
\BOOKMARK [1][-]{section.3.15}{\376\377\0003\000.\0001\0005\000\040\000g\000l\000o\000w\000b\000i\000t\000.\000g\000l\000o\000w\000b\000i\000t\000M\000a\000t\000r\000i\000x\000.\000r\000a\000i\000n\000d\000r\000o\000p\000\040\000C\000l\000a\000s\000s\000\040\000R\000e\000f\000e\000r\000e\000n\000c\000e}{chapter.3}% 101
\BOOKMARK [2][-]{subsection.3.15.1}{\376\377\0003\000.\0001\0005\000.\0001\000\040\000D\000e\000t\000a\000i\000l\000e\000d\000\040\000D\000e\000s\000c\000r\000i\000p\000t\000i\000o\000n}{section.3.15}% 102
\BOOKMARK [1][-]{section.3.16}{\376\377\0003\000.\0001\0006\000\040\000g\000l\000o\000w\000b\000i\000t\000.\000r\000p\0002\000\040\000C\000l\000a\000s\000s\000\040\000R\000e\000f\000e\000r\000e\000n\000c\000e}{chapter.3}% 103
\BOOKMARK [1][-]{section.3.17}{\376\377\0003\000.\0001\0007\000\040\000g\000l\000o\000w\000b\000i\000t\000.\000s\000t\000i\000c\000k\000\040\000C\000l\000a\000s\000s\000\040\000R\000e\000f\000e\000r\000e\000n\000c\000e}{chapter.3}% 104
\BOOKMARK [2][-]{subsection.3.17.1}{\376\377\0003\000.\0001\0007\000.\0001\000\040\000C\000o\000n\000s\000t\000r\000u\000c\000t\000o\000r\000\040\000\046\000\040\000D\000e\000s\000t\000r\000u\000c\000t\000o\000r\000\040\000D\000o\000c\000u\000m\000e\000n\000t\000a\000t\000i\000o\000n}{section.3.17}% 105
\BOOKMARK [3][-]{subsubsection.3.17.1.1}{\376\377\0003\000.\0001\0007\000.\0001\000.\0001\000\040\000\137\000\137\000i\000n\000i\000t\000\137\000\137\000\050\000\051}{subsection.3.17.1}% 106
\BOOKMARK [2][-]{subsection.3.17.2}{\376\377\0003\000.\0001\0007\000.\0002\000\040\000M\000e\000m\000b\000e\000r\000\040\000F\000u\000n\000c\000t\000i\000o\000n\000\040\000D\000o\000c\000u\000m\000e\000n\000t\000a\000t\000i\000o\000n}{section.3.17}% 107
\BOOKMARK [3][-]{subsubsection.3.17.2.1}{\376\377\0003\000.\0001\0007\000.\0002\000.\0001\000\040\000a\000d\000d\000P\000u\000l\000s\000e\000\050\000\051}{subsection.3.17.2}% 108
\BOOKMARK [3][-]{subsubsection.3.17.2.2}{\376\377\0003\000.\0001\0007\000.\0002\000.\0002\000\040\000f\000i\000l\000l\000S\000l\000i\000c\000e\000\050\000\051}{subsection.3.17.2}% 109
\BOOKMARK [3][-]{subsubsection.3.17.2.3}{\376\377\0003\000.\0001\0007\000.\0002\000.\0003\000\040\000g\000r\000a\000p\000h\000D\000e\000m\000o\000\050\000\051}{subsection.3.17.2}% 110
\BOOKMARK [3][-]{subsubsection.3.17.2.4}{\376\377\0003\000.\0001\0007\000.\0002\000.\0004\000\040\000n\000e\000w\000G\000r\000a\000p\000h\0001\000D\000\050\000\051}{subsection.3.17.2}% 111
\BOOKMARK [3][-]{subsubsection.3.17.2.5}{\376\377\0003\000.\0001\0007\000.\0002\000.\0005\000\040\000p\000u\000l\000s\000e\000D\000e\000m\000o\000\050\000\051}{subsection.3.17.2}% 112
\BOOKMARK [3][-]{subsubsection.3.17.2.6}{\376\377\0003\000.\0001\0007\000.\0002\000.\0006\000\040\000s\000l\000i\000c\000e\000D\000e\000m\000o\000\050\000\051}{subsection.3.17.2}% 113
\BOOKMARK [3][-]{subsubsection.3.17.2.7}{\376\377\0003\000.\0001\0007\000.\0002\000.\0007\000\040\000u\000p\000d\000a\000t\000e\000G\000r\000a\000p\000h\0001\000D\000\050\000\051}{subsection.3.17.2}% 114
\BOOKMARK [3][-]{subsubsection.3.17.2.8}{\376\377\0003\000.\0001\0007\000.\0002\000.\0008\000\040\000u\000p\000d\000a\000t\000e\000P\000u\000l\000s\000e\000s\000\050\000\051}{subsection.3.17.2}% 115
\BOOKMARK [1][-]{section.3.18}{\376\377\0003\000.\0001\0008\000\040\000g\000l\000o\000w\000b\000i\000t\000.\000t\000r\000i\000a\000n\000g\000l\000e\000\040\000C\000l\000a\000s\000s\000\040\000R\000e\000f\000e\000r\000e\000n\000c\000e}{chapter.3}% 116
\BOOKMARK [2][-]{subsection.3.18.1}{\376\377\0003\000.\0001\0008\000.\0001\000\040\000D\000e\000t\000a\000i\000l\000e\000d\000\040\000D\000e\000s\000c\000r\000i\000p\000t\000i\000o\000n}{section.3.18}% 117
\BOOKMARK [2][-]{subsection.3.18.2}{\376\377\0003\000.\0001\0008\000.\0002\000\040\000C\000o\000n\000s\000t\000r\000u\000c\000t\000o\000r\000\040\000\046\000\040\000D\000e\000s\000t\000r\000u\000c\000t\000o\000r\000\040\000D\000o\000c\000u\000m\000e\000n\000t\000a\000t\000i\000o\000n}{section.3.18}% 118
\BOOKMARK [3][-]{subsubsection.3.18.2.1}{\376\377\0003\000.\0001\0008\000.\0002\000.\0001\000\040\000\137\000\137\000i\000n\000i\000t\000\137\000\137\000\050\000\051}{subsection.3.18.2}% 119
\BOOKMARK [2][-]{subsection.3.18.3}{\376\377\0003\000.\0001\0008\000.\0003\000\040\000M\000e\000m\000b\000e\000r\000\040\000F\000u\000n\000c\000t\000i\000o\000n\000\040\000D\000o\000c\000u\000m\000e\000n\000t\000a\000t\000i\000o\000n}{section.3.18}% 120
\BOOKMARK [3][-]{subsubsection.3.18.3.1}{\376\377\0003\000.\0001\0008\000.\0003\000.\0001\000\040\000f\000i\000l\000l\000T\000r\000i\000\050\000\051}{subsection.3.18.3}% 121
\BOOKMARK [0][-]{section*.66}{\376\377\000I\000n\000d\000e\000x}{}% 122
